[2021-05-21T20:27:27.838] [DEBUG] cheese - login => username:admin,password:12345678
[2021-05-21T20:27:27.841] [DEBUG] cheese - admin
[2021-05-21T20:27:27.857] [DEBUG] cheese - null
[2021-05-21T20:27:27.858] [DEBUG] cheese - null
[2021-05-21T20:27:49.678] [DEBUG] cheese - login => username:admin,password:123
[2021-05-21T20:27:49.679] [DEBUG] cheese - admin
[2021-05-21T20:27:49.680] [DEBUG] cheese - null
[2021-05-21T20:27:49.680] [DEBUG] cheese - null
[2021-05-21T20:28:26.080] [DEBUG] cheese - login => username:admin,password:12356
[2021-05-21T20:28:26.080] [DEBUG] cheese - admin
[2021-05-21T20:28:26.082] [DEBUG] cheese - null
[2021-05-21T20:28:26.082] [DEBUG] cheese - null
[2021-05-21T20:28:30.355] [DEBUG] cheese - login => username:admin,password:12356
[2021-05-21T20:28:30.355] [DEBUG] cheese - admin
[2021-05-21T20:28:30.357] [DEBUG] cheese - null
[2021-05-21T20:28:30.357] [DEBUG] cheese - null
[2021-05-21T20:28:33.190] [DEBUG] cheese - login => username:admin,password:12356
[2021-05-21T20:28:33.191] [DEBUG] cheese - admin
[2021-05-21T20:28:33.192] [DEBUG] cheese - null
[2021-05-21T20:28:33.193] [DEBUG] cheese - null
[2021-05-21T20:28:41.641] [DEBUG] cheese - login => username:admin,password:12356
[2021-05-21T20:28:41.641] [DEBUG] cheese - admin
[2021-05-21T20:28:41.642] [DEBUG] cheese - null
[2021-05-21T20:28:41.643] [DEBUG] cheese - null
[2021-05-21T20:40:35.430] [DEBUG] cheese - login => username:admin,password:1235678
[2021-05-21T20:40:35.430] [DEBUG] cheese - admin
[2021-05-21T20:40:35.432] [DEBUG] cheese - null
[2021-05-21T20:40:35.432] [DEBUG] cheese - null
[2021-05-21T20:40:40.991] [DEBUG] cheese - login => username:admin,password:1
[2021-05-21T20:40:40.991] [DEBUG] cheese - admin
[2021-05-21T20:40:40.992] [DEBUG] cheese - null
[2021-05-21T20:40:40.992] [DEBUG] cheese - null
[2021-05-21T20:40:43.098] [DEBUG] cheese - login => username:admin,password:12
[2021-05-21T20:40:43.098] [DEBUG] cheese - admin
[2021-05-21T20:40:43.100] [DEBUG] cheese - null
[2021-05-21T20:40:43.100] [DEBUG] cheese - null
[2021-05-21T20:40:45.303] [DEBUG] cheese - login => username:admin,password:123
[2021-05-21T20:40:45.303] [DEBUG] cheese - admin
[2021-05-21T20:40:45.305] [DEBUG] cheese - null
[2021-05-21T20:40:45.305] [DEBUG] cheese - null
[2021-05-21T20:40:47.210] [DEBUG] cheese - login => username:admin,password:1234
[2021-05-21T20:40:47.210] [DEBUG] cheese - admin
[2021-05-21T20:40:47.212] [DEBUG] cheese - null
[2021-05-21T20:40:47.212] [DEBUG] cheese - null
[2021-05-21T20:40:49.075] [DEBUG] cheese - login => username:admin,password:12345
[2021-05-21T20:40:49.075] [DEBUG] cheese - admin
[2021-05-21T20:40:49.077] [DEBUG] cheese - null
[2021-05-21T20:40:49.077] [DEBUG] cheese - null
[2021-05-21T20:40:51.187] [DEBUG] cheese - login => username:admin,password:123456
[2021-05-21T20:40:51.187] [DEBUG] cheese - admin
[2021-05-21T20:40:51.189] [DEBUG] cheese - null
[2021-05-21T20:40:51.189] [DEBUG] cheese - null
[2021-05-22T10:50:54.311] [DEBUG] cheese - login => username:admin,password:123456
[2021-05-22T10:50:54.312] [DEBUG] cheese - admin
[2021-05-22T10:50:54.340] [DEBUG] cheese - null
[2021-05-22T10:50:54.340] [DEBUG] cheese - null
[2021-05-22T10:51:51.842] [DEBUG] cheese - login => username:admin,password:123456
[2021-05-22T10:51:51.842] [DEBUG] cheese - admin
[2021-05-22T10:51:51.844] [DEBUG] cheese - null
[2021-05-22T10:51:51.844] [DEBUG] cheese - null
[2021-05-22T10:53:47.624] [DEBUG] cheese - login => username:admin,password:123456
[2021-05-22T10:53:47.625] [DEBUG] cheese - admin
[2021-05-22T10:53:47.627] [DEBUG] cheese - null
[2021-05-22T10:53:47.627] [DEBUG] cheese - null
[2021-05-22T10:54:17.307] [DEBUG] cheese - login => username:admin,password:2
[2021-05-22T10:54:17.307] [DEBUG] cheese - admin
[2021-05-22T10:54:17.308] [DEBUG] cheese - null
[2021-05-22T10:54:17.308] [DEBUG] cheese - null
[2021-05-22T10:55:26.754] [DEBUG] cheese - login => username:admin,password:1
[2021-05-22T10:55:26.754] [DEBUG] cheese - admin
[2021-05-22T10:55:26.755] [DEBUG] cheese - null
[2021-05-22T10:55:26.756] [DEBUG] cheese - null
[2021-05-22T10:55:44.310] [DEBUG] cheese - login => username:admin,password:1
[2021-05-22T10:55:44.311] [DEBUG] cheese - admin
[2021-05-22T10:55:44.313] [DEBUG] cheese - null
[2021-05-22T10:55:44.313] [DEBUG] cheese - null
[2021-05-22T10:55:47.877] [DEBUG] cheese - login => username:admin,password:1dd
[2021-05-22T10:55:47.877] [DEBUG] cheese - admin
[2021-05-22T10:55:47.878] [DEBUG] cheese - null
[2021-05-22T10:55:47.878] [DEBUG] cheese - null
[2021-05-22T10:56:06.859] [DEBUG] cheese - login => username:admin,password:123456
[2021-05-22T10:56:06.860] [DEBUG] cheese - admin
[2021-05-22T10:56:06.861] [DEBUG] cheese - null
[2021-05-22T10:56:06.861] [DEBUG] cheese - null
[2021-05-22T10:57:05.224] [DEBUG] cheese - login => username:admin,password:123456
[2021-05-22T10:57:05.224] [DEBUG] cheese - admin
[2021-05-22T10:57:05.226] [DEBUG] cheese - null
[2021-05-22T10:57:05.227] [DEBUG] cheese - null
[2021-05-22T10:58:01.677] [DEBUG] cheese - login => username:admin,password:123456
[2021-05-22T10:58:01.677] [DEBUG] cheese - admin
[2021-05-22T10:58:01.679] [DEBUG] cheese - null
[2021-05-22T10:58:01.679] [DEBUG] cheese - null
[2021-05-22T10:58:41.614] [DEBUG] cheese - login => username:admin,password:123456
[2021-05-22T10:58:41.614] [DEBUG] cheese - admin
[2021-05-22T10:58:41.616] [DEBUG] cheese - null
[2021-05-22T10:58:41.616] [DEBUG] cheese - null
[2021-05-22T11:07:31.278] [DEBUG] cheese - login => username:admin,password:123456
[2021-05-22T11:07:31.278] [DEBUG] cheese - admin
[2021-05-22T11:07:31.280] [DEBUG] cheese - null
[2021-05-22T11:07:31.280] [DEBUG] cheese - null
[2021-05-22T11:08:58.234] [DEBUG] cheese - login => username:admin,password:123456
[2021-05-22T11:08:58.234] [DEBUG] cheese - admin
[2021-05-22T11:08:58.236] [DEBUG] cheese - null
[2021-05-22T11:08:58.237] [DEBUG] cheese - null
[2021-05-22T11:09:38.737] [DEBUG] cheese - login => username:admin,password:123456
[2021-05-22T11:09:38.737] [DEBUG] cheese - admin
[2021-05-22T11:09:38.739] [DEBUG] cheese - null
[2021-05-22T11:09:38.739] [DEBUG] cheese - null
[2021-05-22T11:10:08.333] [DEBUG] cheese - login => username:admin,password:123456
[2021-05-22T11:10:08.333] [DEBUG] cheese - admin
[2021-05-22T11:10:08.335] [DEBUG] cheese - null
[2021-05-22T11:10:08.335] [DEBUG] cheese - null
[2021-05-22T11:10:23.550] [DEBUG] cheese - login => username:admin,password:123456
[2021-05-22T11:10:23.550] [DEBUG] cheese - admin
[2021-05-22T11:10:23.551] [DEBUG] cheese - null
[2021-05-22T11:10:23.551] [DEBUG] cheese - null
[2021-05-22T11:11:25.306] [DEBUG] cheese - login => username:admin,password:123456
[2021-05-22T11:11:25.306] [DEBUG] cheese - admin
[2021-05-22T11:11:25.309] [DEBUG] cheese - null
[2021-05-22T11:11:25.309] [DEBUG] cheese - null
[2021-05-22T11:15:29.127] [DEBUG] cheese - login => username:admin,password:123456
[2021-05-22T11:15:29.127] [DEBUG] cheese - admin
[2021-05-22T11:15:29.129] [DEBUG] cheese - null
[2021-05-22T11:15:29.129] [DEBUG] cheese - null
[2021-05-22T11:21:28.202] [DEBUG] cheese - login => username:ad,password:213
[2021-05-22T11:21:28.202] [DEBUG] cheese - ad
[2021-05-22T11:21:28.203] [DEBUG] cheese - null
[2021-05-22T11:21:28.203] [DEBUG] cheese - null
[2021-05-22T11:21:34.667] [DEBUG] cheese - login => username:admin,password:123456
[2021-05-22T11:21:34.667] [DEBUG] cheese - admin
[2021-05-22T11:21:34.669] [DEBUG] cheese - null
[2021-05-22T11:21:34.669] [DEBUG] cheese - null
[2021-05-22T11:22:00.338] [DEBUG] cheese - login => username:admin,password:123456
[2021-05-22T11:22:00.338] [DEBUG] cheese - admin
[2021-05-22T11:22:00.339] [DEBUG] cheese - null
[2021-05-22T11:22:00.339] [DEBUG] cheese - null
[2021-05-22T11:32:20.853] [DEBUG] cheese - login => username:admin,password:123456
[2021-05-22T11:32:20.853] [DEBUG] cheese - admin
[2021-05-22T11:32:20.854] [DEBUG] cheese - null
[2021-05-22T11:32:20.854] [DEBUG] cheese - null
[2021-05-22T11:32:35.555] [DEBUG] cheese - login => username:admin,password:123456
[2021-05-22T11:32:35.555] [DEBUG] cheese - admin
[2021-05-22T11:32:35.557] [DEBUG] cheese - null
[2021-05-22T11:32:35.557] [DEBUG] cheese - null
[2021-05-22T11:35:06.058] [DEBUG] cheese - login => username:admin,password:123456
[2021-05-22T11:35:06.058] [DEBUG] cheese - admin
[2021-05-22T11:35:06.059] [DEBUG] cheese - null
[2021-05-22T11:35:06.059] [DEBUG] cheese - null
[2021-05-22T11:35:36.307] [DEBUG] cheese - login => username:admin,password:123456
[2021-05-22T11:35:36.307] [DEBUG] cheese - admin
[2021-05-22T11:35:36.309] [DEBUG] cheese - null
[2021-05-22T11:35:36.309] [DEBUG] cheese - null
[2021-05-22T11:35:47.174] [DEBUG] cheese - login => username:admin,password:123456
[2021-05-22T11:35:47.174] [DEBUG] cheese - admin
[2021-05-22T11:35:47.176] [DEBUG] cheese - null
[2021-05-22T11:35:47.176] [DEBUG] cheese - null
[2021-05-22T13:34:59.288] [DEBUG] cheese - login => username:admin,password:123456
[2021-05-22T13:34:59.288] [DEBUG] cheese - admin
[2021-05-22T13:34:59.291] [DEBUG] cheese - null
[2021-05-22T13:34:59.291] [DEBUG] cheese - null
[2021-05-22T13:36:52.025] [DEBUG] cheese - login => username:admin,password:123456
[2021-05-22T13:36:52.025] [DEBUG] cheese - admin
[2021-05-22T13:36:52.027] [DEBUG] cheese - null
[2021-05-22T13:36:52.027] [DEBUG] cheese - null
[2021-05-24T14:24:25.377] [DEBUG] cheese - login => username:admin,password:123456
[2021-05-24T14:24:25.378] [DEBUG] cheese - admin
[2021-05-24T14:24:25.393] [DEBUG] cheese - null
[2021-05-24T14:24:25.393] [DEBUG] cheese - null
[2021-05-24T15:15:56.971] [DEBUG] cheese - login => username:admin,password:123456
[2021-05-24T15:15:56.972] [DEBUG] cheese - admin
[2021-05-24T15:15:56.976] [DEBUG] cheese - null
[2021-05-24T15:15:56.976] [DEBUG] cheese - null
[2021-05-24T15:16:10.746] [DEBUG] cheese - login => username:admin,password:123456
[2021-05-24T15:16:10.747] [DEBUG] cheese - admin
[2021-05-24T15:16:10.748] [DEBUG] cheese - null
[2021-05-24T15:16:10.749] [DEBUG] cheese - null
[2021-05-24T15:17:01.835] [DEBUG] cheese - login => username:admin,password:123456
[2021-05-24T15:17:01.836] [DEBUG] cheese - admin
[2021-05-24T15:17:01.838] [DEBUG] cheese - null
[2021-05-24T15:17:01.838] [DEBUG] cheese - null
[2021-05-24T15:18:02.994] [DEBUG] cheese - login => username:admin,password:123456
[2021-05-24T15:18:02.994] [DEBUG] cheese - admin
[2021-05-24T15:18:02.995] [DEBUG] cheese - null
[2021-05-24T15:18:02.995] [DEBUG] cheese - null
[2021-05-24T15:55:29.297] [DEBUG] cheese - login => username:admin,password:123456
[2021-05-24T15:55:29.297] [DEBUG] cheese - admin
[2021-05-24T15:55:29.300] [DEBUG] cheese - null
[2021-05-24T15:55:29.300] [DEBUG] cheese - null
[2021-05-24T16:03:24.055] [DEBUG] cheese - login => username:admin,password:123456
[2021-05-24T16:03:24.055] [DEBUG] cheese - admin
[2021-05-24T16:03:24.057] [DEBUG] cheese - null
[2021-05-24T16:03:24.057] [DEBUG] cheese - null
[2021-05-24T16:04:41.567] [DEBUG] cheese - login => username:admin,password:123456
[2021-05-24T16:04:41.567] [DEBUG] cheese - admin
[2021-05-24T16:04:41.568] [DEBUG] cheese - null
[2021-05-24T16:04:41.568] [DEBUG] cheese - null
[2021-05-24T16:37:06.275] [DEBUG] cheese - login => username:admin,password:123456
[2021-05-24T16:37:06.275] [DEBUG] cheese - admin
[2021-05-24T16:37:06.278] [DEBUG] cheese - null
[2021-05-24T16:37:06.278] [DEBUG] cheese - null
[2021-05-24T17:15:04.488] [DEBUG] cheese - login => username:admin,password:123456
[2021-05-24T17:15:04.488] [DEBUG] cheese - admin
[2021-05-24T17:15:04.490] [DEBUG] cheese - null
[2021-05-24T17:15:04.490] [DEBUG] cheese - null
[2021-05-25T09:02:48.731] [DEBUG] cheese - login => username:admin,password:123456
[2021-05-25T09:02:48.731] [DEBUG] cheese - admin
[2021-05-25T09:02:48.733] [DEBUG] cheese - null
[2021-05-25T09:02:48.733] [DEBUG] cheese - null
[2021-05-25T11:54:35.152] [DEBUG] cheese - login => username:admin,password:123456
[2021-05-25T11:54:35.153] [DEBUG] cheese - admin
[2021-05-25T11:54:35.158] [DEBUG] cheese - null
[2021-05-25T11:54:35.159] [DEBUG] cheese - null
[2021-05-25T13:04:10.545] [DEBUG] cheese - login => username:admin,password:123456
[2021-05-25T13:04:10.545] [DEBUG] cheese - admin
[2021-05-25T13:04:10.550] [DEBUG] cheese - null
[2021-05-25T13:04:10.550] [DEBUG] cheese - null
[2021-05-25T13:30:19.142] [DEBUG] cheese - login => username:admin,password:123456
[2021-05-25T13:30:19.142] [DEBUG] cheese - admin
[2021-05-25T13:30:19.144] [DEBUG] cheese - null
[2021-05-25T13:30:19.144] [DEBUG] cheese - null
[2021-05-25T13:53:13.126] [DEBUG] cheese - login => username:1,password:1
[2021-05-25T13:53:13.126] [DEBUG] cheese - 1
[2021-05-25T13:53:13.128] [DEBUG] cheese - null
[2021-05-25T13:53:13.128] [DEBUG] cheese - null
[2021-05-25T13:53:19.906] [DEBUG] cheese - login => username:admin,password:1
[2021-05-25T13:53:19.906] [DEBUG] cheese - admin
[2021-05-25T13:53:19.907] [DEBUG] cheese - null
[2021-05-25T13:53:19.908] [DEBUG] cheese - null
[2021-05-25T13:53:23.672] [DEBUG] cheese - login => username:admin,password:123456
[2021-05-25T13:53:23.673] [DEBUG] cheese - admin
[2021-05-25T13:53:23.675] [DEBUG] cheese - null
[2021-05-25T13:53:23.675] [DEBUG] cheese - null
[2021-05-25T13:53:59.621] [DEBUG] cheese - login => username:1,password:1
[2021-05-25T13:53:59.621] [DEBUG] cheese - 1
[2021-05-25T13:53:59.622] [DEBUG] cheese - null
[2021-05-25T13:53:59.623] [DEBUG] cheese - null
[2021-05-25T13:54:09.014] [DEBUG] cheese - login => username:1,password:1
[2021-05-25T13:54:09.014] [DEBUG] cheese - 1
[2021-05-25T13:54:09.016] [DEBUG] cheese - null
[2021-05-25T13:54:09.016] [DEBUG] cheese - null
[2021-05-25T13:54:17.108] [DEBUG] cheese - login => username:admin,password:123456
[2021-05-25T13:54:17.108] [DEBUG] cheese - admin
[2021-05-25T13:54:17.110] [DEBUG] cheese - null
[2021-05-25T13:54:17.110] [DEBUG] cheese - null
[2021-05-25T14:33:51.127] [DEBUG] cheese - login => username:admin,password:123456
[2021-05-25T14:33:51.127] [DEBUG] cheese - admin
[2021-05-25T14:33:51.130] [DEBUG] cheese - null
[2021-05-25T14:33:51.130] [DEBUG] cheese - null
[2021-05-25T14:35:44.524] [DEBUG] cheese - login => username:admin,password:123456
[2021-05-25T14:35:44.524] [DEBUG] cheese - admin
[2021-05-25T14:35:44.526] [DEBUG] cheese - null
[2021-05-25T14:35:44.526] [DEBUG] cheese - null
[2021-05-25T15:45:38.521] [DEBUG] cheese - login => username:admin,password:123456
[2021-05-25T15:45:38.521] [DEBUG] cheese - admin
[2021-05-25T15:45:38.523] [DEBUG] cheese - null
[2021-05-25T15:45:38.523] [DEBUG] cheese - null
[2021-05-25T16:05:22.252] [DEBUG] cheese - login => username:liuxin,password:123456
[2021-05-25T16:05:22.252] [DEBUG] cheese - liuxin
[2021-05-25T16:05:22.253] [DEBUG] cheese - null
[2021-05-25T16:05:22.253] [DEBUG] cheese - null
[2021-05-25T16:05:28.862] [DEBUG] cheese - login => username:admin,password:123456
[2021-05-25T16:05:28.862] [DEBUG] cheese - admin
[2021-05-25T16:05:28.863] [DEBUG] cheese - null
[2021-05-25T16:05:28.863] [DEBUG] cheese - null
[2021-05-26T10:16:36.607] [DEBUG] cheese - login => username:admin,password:123456
[2021-05-26T10:16:36.608] [DEBUG] cheese - admin
[2021-05-26T10:16:36.613] [DEBUG] cheese - null
[2021-05-26T10:16:36.613] [DEBUG] cheese - null
[2021-05-26T13:13:19.842] [DEBUG] cheese - login => username:admin,password:123456
[2021-05-26T13:13:19.843] [DEBUG] cheese - admin
[2021-05-26T13:13:19.845] [DEBUG] cheese - null
[2021-05-26T13:13:19.846] [DEBUG] cheese - null
[2021-05-26T14:46:13.027] [DEBUG] cheese - null
[2021-05-26T14:50:13.924] [DEBUG] cheese - null
[2021-05-26T14:50:20.568] [DEBUG] cheese - null
[2021-05-26T14:50:53.875] [DEBUG] cheese - null
[2021-05-26T14:53:13.664] [DEBUG] cheese - null
[2021-05-26T14:53:24.658] [DEBUG] cheese - null
[2021-05-26T14:54:07.180] [DEBUG] cheese - null
[2021-05-26T14:56:31.619] [DEBUG] cheese - null
[2021-05-26T15:00:04.870] [DEBUG] cheese - null
[2021-05-26T15:01:28.085] [DEBUG] cheese - null
[2021-05-26T15:02:14.261] [DEBUG] cheese - null
[2021-05-26T15:04:37.168] [DEBUG] cheese - null
[2021-05-26T16:18:42.272] [DEBUG] cheese - login => username:liuxin,password:123456
[2021-05-26T16:18:42.272] [DEBUG] cheese - liuxin
[2021-05-26T16:18:42.274] [DEBUG] cheese - null
[2021-05-26T16:18:42.274] [DEBUG] cheese - null
[2021-05-26T16:18:51.006] [DEBUG] cheese - login => username:admin,password:123456
[2021-05-26T16:18:51.007] [DEBUG] cheese - admin
[2021-05-26T16:18:51.008] [DEBUG] cheese - null
[2021-05-26T16:18:51.009] [DEBUG] cheese - null
[2021-05-27T08:30:26.348] [DEBUG] cheese - login => username:admin,password:123456
[2021-05-27T08:30:26.348] [DEBUG] cheese - admin
[2021-05-27T08:30:26.352] [DEBUG] cheese - null
[2021-05-27T08:30:26.353] [DEBUG] cheese - null
[2021-05-28T09:23:04.997] [DEBUG] cheese - login => username:admin,password:123456
[2021-05-28T09:23:05.001] [DEBUG] cheese - admin
[2021-05-28T09:23:05.010] [DEBUG] cheese - null
[2021-05-28T09:23:05.011] [DEBUG] cheese - null
[2021-05-30T08:48:55.954] [DEBUG] cheese - login => username:admin,password:123456
[2021-05-30T08:48:55.954] [DEBUG] cheese - admin
[2021-05-30T08:48:55.975] [DEBUG] cheese - null
[2021-05-30T08:48:55.975] [DEBUG] cheese - null
[2021-05-30T12:36:46.312] [DEBUG] cheese - login => username:admin,password:123456
[2021-05-30T12:36:46.313] [DEBUG] cheese - admin
[2021-05-30T12:36:46.330] [DEBUG] cheese - null
[2021-05-30T12:36:46.331] [DEBUG] cheese - null
[2021-05-31T08:31:24.929] [DEBUG] cheese - login => username:admin,password:123456
[2021-05-31T08:31:24.930] [DEBUG] cheese - admin
[2021-05-31T08:31:24.944] [DEBUG] cheese - null
[2021-05-31T08:31:24.945] [DEBUG] cheese - null
[2021-05-31T09:05:08.809] [DEBUG] cheese - null
[2021-05-31T09:19:28.353] [DEBUG] cheese - null
[2021-05-31T09:27:28.662] [DEBUG] cheese - null
[2021-05-31T09:38:45.073] [DEBUG] cheese - login => username:admin,password:123456
[2021-05-31T09:38:45.075] [DEBUG] cheese - admin
[2021-05-31T09:38:45.083] [DEBUG] cheese - null
[2021-05-31T09:38:45.083] [DEBUG] cheese - null
[2021-05-31T10:43:31.814] [DEBUG] cheese - login => username:admin,password:123456
[2021-05-31T10:43:31.816] [DEBUG] cheese - admin
[2021-05-31T10:43:31.819] [DEBUG] cheese - null
[2021-05-31T10:43:31.820] [DEBUG] cheese - null
[2021-05-31T10:44:31.883] [DEBUG] cheese - null
[2021-05-31T10:48:50.730] [DEBUG] cheese - login => username:admin,password:123456
[2021-05-31T10:48:50.730] [DEBUG] cheese - admin
[2021-05-31T10:48:50.732] [DEBUG] cheese - null
[2021-05-31T10:48:50.732] [DEBUG] cheese - null
[2021-05-31T10:49:41.706] [DEBUG] cheese - login => username:admin,password:123456
[2021-05-31T10:49:41.706] [DEBUG] cheese - admin
[2021-05-31T10:49:41.707] [DEBUG] cheese - null
[2021-05-31T10:49:41.708] [DEBUG] cheese - null
[2021-05-31T10:54:43.462] [DEBUG] cheese - null
[2021-05-31T13:09:35.998] [DEBUG] cheese - login => username:admin,password:123456
[2021-05-31T13:09:35.999] [DEBUG] cheese - admin
[2021-05-31T13:09:36.005] [DEBUG] cheese - null
[2021-05-31T13:09:36.006] [DEBUG] cheese - null
[2021-05-31T13:27:26.678] [DEBUG] cheese - login => username:admin,password:123456
[2021-05-31T13:27:26.679] [DEBUG] cheese - admin
[2021-05-31T13:27:26.682] [DEBUG] cheese - null
[2021-05-31T13:27:26.682] [DEBUG] cheese - null
[2021-06-01T11:22:47.799] [DEBUG] cheese - login => username:admin,password:123456
[2021-06-01T11:22:47.800] [DEBUG] cheese - admin
[2021-06-01T11:22:47.828] [DEBUG] cheese - null
[2021-06-01T11:22:47.829] [DEBUG] cheese - null
[2021-06-03T08:47:57.521] [DEBUG] cheese - login => username:admin,password:123456
[2021-06-03T08:47:57.522] [DEBUG] cheese - admin
[2021-06-03T08:47:57.547] [DEBUG] cheese - null
[2021-06-03T08:47:57.547] [DEBUG] cheese - null
[2021-06-03T11:09:09.790] [DEBUG] cheese - login => username:admin,password:123456
[2021-06-03T11:09:09.791] [DEBUG] cheese - admin
[2021-06-03T11:09:09.795] [DEBUG] cheese - null
[2021-06-03T11:09:09.795] [DEBUG] cheese - null
[2021-06-03T11:15:10.807] [DEBUG] cheese - login => username:admin,password:123456
[2021-06-03T11:15:10.807] [DEBUG] cheese - admin
[2021-06-03T11:15:10.808] [DEBUG] cheese - null
[2021-06-03T11:15:10.808] [DEBUG] cheese - null
[2021-06-03T11:17:40.418] [DEBUG] cheese - login => username:admin,password:123456
[2021-06-03T11:17:40.418] [DEBUG] cheese - admin
[2021-06-03T11:17:40.420] [DEBUG] cheese - null
[2021-06-03T11:17:40.420] [DEBUG] cheese - null
[2021-06-03T11:18:02.240] [DEBUG] cheese - login => username:admin,password:123456
[2021-06-03T11:18:02.240] [DEBUG] cheese - admin
[2021-06-03T11:18:02.241] [DEBUG] cheese - null
[2021-06-03T11:18:02.241] [DEBUG] cheese - null
[2021-06-03T11:18:06.059] [DEBUG] cheese - login => username:admin,password:123456
[2021-06-03T11:18:06.060] [DEBUG] cheese - admin
[2021-06-03T11:18:06.061] [DEBUG] cheese - null
[2021-06-03T11:18:06.061] [DEBUG] cheese - null
[2021-06-03T11:20:25.703] [DEBUG] cheese - login => username:admin,password:123456
[2021-06-03T11:20:25.703] [DEBUG] cheese - admin
[2021-06-03T11:20:25.706] [DEBUG] cheese - null
[2021-06-03T11:20:25.706] [DEBUG] cheese - null
[2021-06-03T11:20:36.967] [DEBUG] cheese - login => username:admin,password:123456
[2021-06-03T11:20:36.967] [DEBUG] cheese - admin
[2021-06-03T11:20:36.968] [DEBUG] cheese - null
[2021-06-03T11:20:36.969] [DEBUG] cheese - null
[2021-06-03T11:22:07.720] [DEBUG] cheese - login => username:admin,password:123456
[2021-06-03T11:22:07.720] [DEBUG] cheese - admin
[2021-06-03T11:22:07.722] [DEBUG] cheese - null
[2021-06-03T11:22:07.723] [DEBUG] cheese - null
[2021-06-03T11:22:14.699] [DEBUG] cheese - login => username:admin,password:123456
[2021-06-03T11:22:14.699] [DEBUG] cheese - admin
[2021-06-03T11:22:14.701] [DEBUG] cheese - null
[2021-06-03T11:22:14.701] [DEBUG] cheese - null
[2021-06-03T11:22:42.170] [DEBUG] cheese - login => username:admin,password:123456
[2021-06-03T11:22:42.170] [DEBUG] cheese - admin
[2021-06-03T11:22:42.171] [DEBUG] cheese - null
[2021-06-03T11:22:42.171] [DEBUG] cheese - null
[2021-06-03T11:38:31.567] [DEBUG] cheese - login => username:admin,password:123456
[2021-06-03T11:38:31.567] [DEBUG] cheese - admin
[2021-06-03T11:38:31.569] [DEBUG] cheese - null
[2021-06-03T11:38:31.570] [DEBUG] cheese - null
[2021-06-03T11:42:05.152] [DEBUG] cheese - login => username:admin,password:123456
[2021-06-03T11:42:05.152] [DEBUG] cheese - admin
[2021-06-03T11:42:05.153] [DEBUG] cheese - null
[2021-06-03T11:42:05.153] [DEBUG] cheese - null
[2021-06-03T11:42:39.522] [DEBUG] cheese - login => username:admin,password:123456
[2021-06-03T11:42:39.522] [DEBUG] cheese - admin
[2021-06-03T11:42:39.524] [DEBUG] cheese - null
[2021-06-03T11:42:39.525] [DEBUG] cheese - null
[2021-06-03T11:51:22.659] [DEBUG] cheese - null
[2021-06-03T16:55:51.876] [DEBUG] cheese - login => username:admin,password:123456
[2021-06-03T16:55:51.877] [DEBUG] cheese - admin
[2021-06-03T16:55:51.880] [DEBUG] cheese - null
[2021-06-03T16:55:51.880] [DEBUG] cheese - null
[2021-06-03T16:57:27.096] [DEBUG] cheese - login => username:admin,password:123456
[2021-06-03T16:57:27.096] [DEBUG] cheese - admin
[2021-06-03T16:57:27.097] [DEBUG] cheese - null
[2021-06-03T16:57:27.098] [DEBUG] cheese - null
[2021-06-03T17:13:12.177] [DEBUG] cheese - login => username:admin,password:123456
[2021-06-03T17:13:12.178] [DEBUG] cheese - admin
[2021-06-03T17:13:12.181] [DEBUG] cheese - null
[2021-06-03T17:13:12.181] [DEBUG] cheese - null
[2021-06-06T19:19:27.364] [DEBUG] cheese - login => username:admin,password:123456
[2021-06-06T19:19:27.365] [DEBUG] cheese - admin
[2021-06-06T19:19:27.387] [DEBUG] cheese - null
[2021-06-06T19:19:27.387] [DEBUG] cheese - null
[2021-06-06T19:21:59.616] [DEBUG] cheese - null
[2021-06-07T15:27:17.432] [DEBUG] cheese - login => username:admin,password:123456
[2021-06-07T15:27:17.433] [DEBUG] cheese - admin
[2021-06-07T15:27:17.455] [DEBUG] cheese - null
[2021-06-07T15:27:17.455] [DEBUG] cheese - null
[2021-06-07T15:31:27.891] [DEBUG] cheese - login => username:admin,password:123456
[2021-06-07T15:31:27.891] [DEBUG] cheese - admin
[2021-06-07T15:31:27.893] [DEBUG] cheese - null
[2021-06-07T15:31:27.893] [DEBUG] cheese - null
[2021-06-07T15:57:36.398] [DEBUG] cheese - login => username:admin,password:123456
[2021-06-07T15:57:36.399] [DEBUG] cheese - admin
[2021-06-07T15:57:36.401] [DEBUG] cheese - null
[2021-06-07T15:57:36.401] [DEBUG] cheese - null
[2021-06-07T15:57:42.964] [DEBUG] cheese - login => username:admin,password:123456
[2021-06-07T15:57:42.964] [DEBUG] cheese - admin
[2021-06-07T15:57:42.965] [DEBUG] cheese - null
[2021-06-07T15:57:42.965] [DEBUG] cheese - null
[2021-06-07T16:33:33.447] [DEBUG] cheese - login => username:admin,password:123456
[2021-06-07T16:33:33.448] [DEBUG] cheese - admin
[2021-06-07T16:33:33.449] [DEBUG] cheese - null
[2021-06-07T16:33:33.449] [DEBUG] cheese - null
[2021-06-07T16:36:02.847] [DEBUG] cheese - login => username:admin,password:123456
[2021-06-07T16:36:02.847] [DEBUG] cheese - admin
[2021-06-07T16:36:02.848] [DEBUG] cheese - null
[2021-06-07T16:36:02.848] [DEBUG] cheese - null
[2021-06-07T16:42:13.245] [DEBUG] cheese - login => username:admin,password:123456
[2021-06-07T16:42:13.245] [DEBUG] cheese - admin
[2021-06-07T16:42:13.247] [DEBUG] cheese - null
[2021-06-07T16:42:13.247] [DEBUG] cheese - null
[2021-06-07T17:09:01.439] [DEBUG] cheese - login => username:admin,password:123456
[2021-06-07T17:09:01.439] [DEBUG] cheese - admin
[2021-06-07T17:09:01.440] [DEBUG] cheese - null
[2021-06-07T17:09:01.440] [DEBUG] cheese - null
[2021-06-07T17:23:08.491] [DEBUG] cheese - login => username:admin,password:123456
[2021-06-07T17:23:08.491] [DEBUG] cheese - admin
[2021-06-07T17:23:08.492] [DEBUG] cheese - null
[2021-06-07T17:23:08.493] [DEBUG] cheese - null
[2021-06-07T17:23:31.133] [DEBUG] cheese - login => username:admin,password:12345
[2021-06-07T17:23:31.133] [DEBUG] cheese - admin
[2021-06-07T17:23:31.135] [DEBUG] cheese - null
[2021-06-07T17:23:31.135] [DEBUG] cheese - null
[2021-06-07T17:23:34.060] [DEBUG] cheese - login => username:admin,password:123456
[2021-06-07T17:23:34.060] [DEBUG] cheese - admin
[2021-06-07T17:23:34.061] [DEBUG] cheese - null
[2021-06-07T17:23:34.061] [DEBUG] cheese - null
[2021-06-07T21:08:04.965] [DEBUG] cheese - login => username:admin,password:123456
[2021-06-07T21:08:04.965] [DEBUG] cheese - admin
[2021-06-07T21:08:04.982] [DEBUG] cheese - null
[2021-06-07T21:08:04.983] [DEBUG] cheese - null
[2021-06-08T17:23:50.668] [DEBUG] cheese - login => username:admin,password:123456
[2021-06-08T17:23:50.670] [DEBUG] cheese - admin
[2021-06-08T17:23:50.690] [DEBUG] cheese - null
[2021-06-08T17:23:50.690] [DEBUG] cheese - null
[2021-06-29T11:50:14.054] [DEBUG] cheese - login => username:admin,password:123456
[2021-06-29T11:50:14.055] [DEBUG] cheese - admin
[2021-06-29T11:50:14.086] [DEBUG] cheese - null
[2021-06-29T11:50:14.087] [DEBUG] cheese - null
[2021-06-29T11:50:42.180] [DEBUG] cheese - login => username:admin,password:123456
[2021-06-29T11:50:42.180] [DEBUG] cheese - admin
[2021-06-29T11:50:42.181] [DEBUG] cheese - null
[2021-06-29T11:50:42.181] [DEBUG] cheese - null
[2021-11-10T18:13:01.824] [DEBUG] cheese - login => username:admin,password:123456
[2021-11-10T18:13:01.825] [DEBUG] cheese - admin
[2021-11-10T18:13:01.833] [DEBUG] cheese - null
[2021-11-10T18:13:01.833] [DEBUG] cheese - null
[2021-11-10T18:13:47.259] [DEBUG] cheese - login => username:admin,password:123456
[2021-11-10T18:13:47.259] [DEBUG] cheese - admin
[2021-11-10T18:13:47.262] [DEBUG] cheese - null
[2021-11-10T18:13:47.262] [DEBUG] cheese - null
[2021-11-10T18:16:34.867] [DEBUG] cheese - login => username:admin,password:123456
[2021-11-10T18:16:34.869] [DEBUG] cheese - admin
[2021-11-10T18:16:34.870] [DEBUG] cheese - null
[2021-11-10T18:16:34.871] [DEBUG] cheese - null
[2022-07-06T19:17:18.890] [DEBUG] cheese - login => username:admin,password:123456
[2022-07-06T19:17:18.891] [DEBUG] cheese - admin
[2022-07-06T19:17:18.917] [DEBUG] cheese - null
[2022-07-06T19:17:18.918] [DEBUG] cheese - null
